<?xml version="1.0" encoding="UTF-8"?>
<!-- Generated by org.testng.reporters.JUnitReportReporter -->
<testsuite hostname="DESKTOP-LCCU5LL" failures="0" tests="1" name="tests.twoTest" time="34.585" errors="0" timestamp="2021-04-28T14:17:00 MDT" skipped="0">
  <testcase classname="tests.twoTest" name="twotest" time="34.585"/>
  <system-out/>
</testsuite> <!-- tests.twoTest -->
