<?xml version="1.0" encoding="UTF-8"?>
<!-- Generated by org.testng.reporters.JUnitReportReporter -->
<testsuite hostname="DESKTOP-LCCU5LL" failures="0" tests="2" name="tests.LoginTest" time="58.670" errors="0" timestamp="2021-04-28T14:17:00 MDT" skipped="0">
  <testcase classname="tests.LoginTest" name="login" time="17.298"/>
  <system-out/>
  <testcase classname="tests.LoginTest" name="login" time="41.372"/>
  <system-out/>
</testsuite> <!-- tests.LoginTest -->
