<?xml version="1.0" encoding="UTF-8"?>
<!-- Generated by org.testng.reporters.JUnitReportReporter -->
<testsuite hostname="DESKTOP-LCCU5LL" failures="0" tests="1" name="runner.Runner" time="0.953" errors="1" timestamp="2021-04-28T15:09:24 MDT" skipped="0">
  <testcase classname="runner.Runner" name="setUpClass" time="0.953">
    <error message="Failed to parse resource at: file:///F:/2021%20selenium%20practice/Frameworkproj/src/test/java/features/Login.feature
(9:1): expected: #EOF, #TableRow, #DocStringSeparator, #StepLine, #TagLine, #ExamplesLine, #ScenarioLine, #RuleLine, #Comment, #Empty, got &#039;LoginFeature.txt&#039;
(10:1): expected: #EOF, #TableRow, #DocStringSeparator, #StepLine, #TagLine, #ExamplesLine, #ScenarioLine, #RuleLine, #Comment, #Empty, got &#039;Displaying LoginFeature.txt.&#039;" type="io.cucumber.core.gherkin.FeatureParserException">
      <![CDATA[io.cucumber.core.gherkin.FeatureParserException: Failed to parse resource at: file:///F:/2021%20selenium%20practice/Frameworkproj/src/test/java/features/Login.feature
(9:1): expected: #EOF, #TableRow, #DocStringSeparator, #StepLine, #TagLine, #ExamplesLine, #ScenarioLine, #RuleLine, #Comment, #Empty, got 'LoginFeature.txt'
(10:1): expected: #EOF, #TableRow, #DocStringSeparator, #StepLine, #TagLine, #ExamplesLine, #ScenarioLine, #RuleLine, #Comment, #Empty, got 'Displaying LoginFeature.txt.'
at io.cucumber.core.gherkin.messages.GherkinMessagesFeatureParser.parse(GherkinMessagesFeatureParser.java:52)
at io.cucumber.core.feature.FeatureParser.parseResource(FeatureParser.java:47)
at java.base/java.util.function.BiFunction.lambda$andThen$0(BiFunction.java:70)
at io.cucumber.core.resource.ResourceScanner.lambda$processResource$1(ResourceScanner.java:79)
at io.cucumber.core.resource.PathScanner$ResourceFileVisitor.visitFile(PathScanner.java:75)
at io.cucumber.core.resource.PathScanner$ResourceFileVisitor.visitFile(PathScanner.java:60)
at java.base/java.nio.file.Files.walkFileTree(Files.java:2725)
at io.cucumber.core.resource.PathScanner.findResourcesForPath(PathScanner.java:53)
at io.cucumber.core.resource.PathScanner.findResourcesForUri(PathScanner.java:31)
at io.cucumber.core.resource.ResourceScanner.findResourcesForUri(ResourceScanner.java:61)
at io.cucumber.core.resource.ResourceScanner.scanForResourcesUri(ResourceScanner.java:134)
at io.cucumber.core.runtime.FeaturePathFeatureSupplier.loadFeatures(FeaturePathFeatureSupplier.java:62)
at io.cucumber.core.runtime.FeaturePathFeatureSupplier.get(FeaturePathFeatureSupplier.java:45)
at io.cucumber.testng.TestNGCucumberRunner.<init>(TestNGCucumberRunner.java:108)
at io.cucumber.testng.AbstractTestNGCucumberTests.setUpClass(AbstractTestNGCucumberTests.java:23)
at java.base/jdk.internal.reflect.NativeMethodAccessorImpl.invoke0(Native Method)
at java.base/jdk.internal.reflect.NativeMethodAccessorImpl.invoke(NativeMethodAccessorImpl.java:62)
at java.base/jdk.internal.reflect.DelegatingMethodAccessorImpl.invoke(DelegatingMethodAccessorImpl.java:43)
at java.base/java.lang.reflect.Method.invoke(Method.java:566)
at org.testng.internal.MethodInvocationHelper.invokeMethod(MethodInvocationHelper.java:132)
at org.testng.internal.MethodInvocationHelper.invokeMethodConsideringTimeout(MethodInvocationHelper.java:61)
at org.testng.internal.ConfigInvoker.invokeConfigurationMethod(ConfigInvoker.java:366)
at org.testng.internal.ConfigInvoker.invokeConfigurations(ConfigInvoker.java:320)
at org.testng.internal.TestMethodWorker.invokeBeforeClassMethods(TestMethodWorker.java:176)
at org.testng.internal.TestMethodWorker.run(TestMethodWorker.java:122)
at java.base/java.util.ArrayList.forEach(ArrayList.java:1541)
at org.testng.TestRunner.privateRun(TestRunner.java:764)
at org.testng.TestRunner.run(TestRunner.java:585)
at org.testng.SuiteRunner.runTest(SuiteRunner.java:384)
at org.testng.SuiteRunner.access$000(SuiteRunner.java:28)
at org.testng.SuiteRunner$SuiteWorker.run(SuiteRunner.java:425)
at org.testng.internal.thread.ThreadUtil.lambda$execute$0(ThreadUtil.java:66)
at java.base/java.util.concurrent.FutureTask.run(FutureTask.java:264)
at java.base/java.util.concurrent.ThreadPoolExecutor.runWorker(ThreadPoolExecutor.java:1128)
at java.base/java.util.concurrent.ThreadPoolExecutor$Worker.run(ThreadPoolExecutor.java:628)
at java.base/java.lang.Thread.run(Thread.java:834)
]]>
    </error>
  </testcase> <!-- setUpClass -->
  <system-out/>
</testsuite> <!-- runner.Runner -->
