<?xml version="1.0" encoding="UTF-8"?>
<!-- Generated by org.testng.reporters.JUnitReportReporter -->
<testsuite hostname="DESKTOP-LCCU5LL" failures="0" tests="1" name="tests.twoTest" time="0.001" errors="0" timestamp="2021-04-27T14:04:13 MDT" skipped="0">
  <testcase classname="tests.twoTest" name="twotest" time="0.001"/>
  <system-out/>
</testsuite> <!-- tests.twoTest -->
