<?xml version="1.0" encoding="UTF-8"?>
<!-- Generated by org.testng.reporters.JUnitReportReporter -->
<testsuite hostname="DESKTOP-LCCU5LL" failures="0" tests="2" name="tests.LoginTest" time="42.814" errors="0" timestamp="2021-04-27T14:04:13 MDT" skipped="0">
  <testcase classname="tests.LoginTest" name="login" time="28.830"/>
  <system-out/>
  <testcase classname="tests.LoginTest" name="login" time="13.984"/>
  <system-out/>
</testsuite> <!-- tests.LoginTest -->
